<?xml version="1.0" encoding="UTF-8"?>
<testsuite name="com.accounting.repository.AccountRepositoryTest" tests="2" skipped="0" failures="0" errors="0" timestamp="2020-04-19T19:00:46" hostname="DESKTOP-GNCIOT1" time="0.004">
  <properties/>
  <testcase name="shouldThrowExceptionWhenInsufficientBalance()" classname="com.accounting.repository.AccountRepositoryTest" time="0.002"/>
  <testcase name="shouldReturnBalanceWhenValidTransactions()" classname="com.accounting.repository.AccountRepositoryTest" time="0.001"/>
  <system-out><![CDATA[]]></system-out>
  <system-err><![CDATA[]]></system-err>
</testsuite>
