<?xml version="1.0" encoding="UTF-8"?>
<testsuite name="com.accounting.repository.TransactionRepositoryTest" tests="3" skipped="0" failures="0" errors="0" timestamp="2020-04-19T19:00:46" hostname="DESKTOP-GNCIOT1" time="0.02">
  <properties/>
  <testcase name="shouldFailWhenTransactionIDDoesNotExist()" classname="com.accounting.repository.TransactionRepositoryTest" time="0.016"/>
  <testcase name="shouldReturnTransactionWhenValidTransactionID()" classname="com.accounting.repository.TransactionRepositoryTest" time="0.001"/>
  <testcase name="shouldReturnTransactionListWhenValidTransaction()" classname="com.accounting.repository.TransactionRepositoryTest" time="0.001"/>
  <system-out><![CDATA[]]></system-out>
  <system-err><![CDATA[]]></system-err>
</testsuite>
